GROUP,PACKAGE,CLASS,INSTRUCTION_MISSED,INSTRUCTION_COVERED,BRANCH_MISSED,BRANCH_COVERED,LINE_MISSED,LINE_COVERED,COMPLEXITY_MISSED,COMPLEXITY_COVERED,METHOD_MISSED,METHOD_COVERED
Apache Commons Collections,org.apache.commons.collections4.keyvalue,TiedMapEntry,3,106,5,17,1,21,5,13,0,7
Apache Commons Collections,org.apache.commons.collections4.keyvalue,AbstractMapEntry,0,70,1,19,0,13,1,13,0,4
Apache Commons Collections,org.apache.commons.collections4.keyvalue,UnmodifiableMapEntry,0,24,0,0,0,7,0,4,0,4
Apache Commons Collections,org.apache.commons.collections4.keyvalue,AbstractKeyValue,0,44,0,0,0,17,0,6,0,6
Apache Commons Collections,org.apache.commons.collections4.keyvalue,MultiKey,0,195,0,12,0,37,0,20,0,14
Apache Commons Collections,org.apache.commons.collections4.keyvalue,DefaultMapEntry,0,19,0,0,0,6,0,3,0,3
Apache Commons Collections,org.apache.commons.collections4.keyvalue,DefaultKeyValue,3,111,5,19,1,24,5,16,0,9
Apache Commons Collections,org.apache.commons.collections4.keyvalue,AbstractMapEntryDecorator,11,36,2,2,3,11,3,7,1,7
Apache Commons Collections,org.apache.commons.collections4.splitmap,TransformedSplitMap,24,94,3,5,7,23,5,10,2,9
Apache Commons Collections,org.apache.commons.collections4.splitmap,AbstractIterableGetMapDecorator,22,61,2,2,5,18,5,13,3,13
Apache Commons Collections,org.apache.commons.collections4.collection,AbstractCollectionDecorator,3,84,0,2,2,23,1,18,1,17
Apache Commons Collections,org.apache.commons.collections4.collection,TransformedCollection,0,103,1,7,0,21,1,10,0,7
Apache Commons Collections,org.apache.commons.collections4.collection,IndexedCollection,6,207,1,21,1,55,2,25,1,15
Apache Commons Collections,org.apache.commons.collections4.collection,UnmodifiableBoundedCollection,29,75,5,9,7,21,7,13,2,11
Apache Commons Collections,org.apache.commons.collections4.collection,PredicatedCollection,0,94,0,8,0,20,0,11,0,7
Apache Commons Collections,org.apache.commons.collections4.collection,CompositeCollection,50,337,1,41,14,83,7,39,6,19
Apache Commons Collections,org.apache.commons.collections4.collection,SynchronizedCollection,10,230,3,9,2,49,3,23,0,20
Apache Commons Collections,org.apache.commons.collections4.collection,PredicatedCollection.Builder,50,138,8,10,12,36,9,14,2,12
Apache Commons Collections,org.apache.commons.collections4.collection,UnmodifiableCollection,0,45,0,2,0,13,0,10,0,9
Apache Commons Collections,org.apache.commons.collections4.comparators,TransformingComparator,14,101,9,13,0,22,7,9,0,5
Apache Commons Collections,org.apache.commons.collections4.comparators,FixedOrderComparator.new Object() {...},3,23,0,0,0,1,0,1,0,1
Apache Commons Collections,org.apache.commons.collections4.comparators,ReverseComparator,8,46,2,6,3,12,3,6,1,4
Apache Commons Collections,org.apache.commons.collections4.comparators,BooleanComparator,7,79,1,13,1,17,2,15,1,9
Apache Commons Collections,org.apache.commons.collections4.comparators,ComparableComparator,0,33,0,6,0,8,0,9,0,6
Apache Commons Collections,org.apache.commons.collections4.comparators,FixedOrderComparator.UnknownObjectBehavior,0,34,0,0,0,2,0,1,0,1
Apache Commons Collections,org.apache.commons.collections4.comparators,FixedOrderComparator,63,320,22,44,6,57,20,26,0,12
Apache Commons Collections,org.apache.commons.collections4.comparators,NullComparator,33,73,8,16,6,17,10,9,3,4
Apache Commons Collections,org.apache.commons.collections4.comparators,ComparatorChain,70,219,15,27,19,58,18,21,6,12
Apache Commons Collections,org.apache.commons.collections4.properties,SortedProperties,0,35,0,2,0,8,0,3,0,2
Apache Commons Collections,org.apache.commons.collections4.sequence,KeepCommand,0,9,0,0,0,4,0,2,0,2
Apache Commons Collections,org.apache.commons.collections4.sequence,DeleteCommand,0,9,0,0,0,4,0,2,0,2
Apache Commons Collections,org.apache.commons.collections4.sequence,SequencesComparator,5,558,3,79,1,79,3,44,0,6
Apache Commons Collections,org.apache.commons.collections4.sequence,SequencesComparator.Snake,0,21,0,0,0,8,0,4,0,4
Apache Commons Collections,org.apache.commons.collections4.sequence,ReplacementsFinder,65,0,4,0,17,0,6,0,4,0
Apache Commons Collections,org.apache.commons.collections4.sequence,EditCommand,0,9,0,0,0,4,0,2,0,2
Apache Commons Collections,org.apache.commons.collections4.sequence,InsertCommand,0,9,0,0,0,4,0,2,0,2
Apache Commons Collections,org.apache.commons.collections4.sequence,EditScript,3,69,0,2,1,19,1,7,1,6
Apache Commons Collections,org.apache.commons.collections4.trie.analyzer,StringKeyAnalyzer,15,174,10,24,4,36,11,14,1,7
Apache Commons Collections,org.apache.commons.collections4.bag,AbstractMapBag,15,624,8,74,3,163,8,60,0,27
Apache Commons Collections,org.apache.commons.collections4.bag,PredicatedBag,0,55,0,4,0,11,0,11,0,9
Apache Commons Collections,org.apache.commons.collections4.bag,SynchronizedBag,5,98,0,2,2,19,1,10,1,9
Apache Commons Collections,org.apache.commons.collections4.bag,AbstractMapBag.BagIterator,4,112,1,13,1,26,1,10,0,4
Apache Commons Collections,org.apache.commons.collections4.bag,PredicatedSortedBag,0,27,0,0,0,7,0,6,0,6
Apache Commons Collections,org.apache.commons.collections4.bag,AbstractSortedBagDecorator,7,16,0,0,3,5,2,4,2,4
Apache Commons Collections,org.apache.commons.collections4.bag,UnmodifiableSortedBag,12,61,0,2,3,19,3,12,3,11
Apache Commons Collections,org.apache.commons.collections4.bag,SynchronizedBag.SynchronizedBagSet,0,8,0,0,0,3,0,1,0,1
Apache Commons Collections,org.apache.commons.collections4.bag,AbstractBagDecorator,9,39,0,4,3,8,2,9,2,7
Apache Commons Collections,org.apache.commons.collections4.bag,SynchronizedSortedBag,42,9,0,0,9,3,5,2,5,2
Apache Commons Collections,org.apache.commons.collections4.bag,TransformedSortedBag,44,23,4,0,8,6,4,5,2,5
Apache Commons Collections,org.apache.commons.collections4.bag,TransformedBag,0,99,1,7,0,18,1,13,0,10
Apache Commons Collections,org.apache.commons.collections4.bag,AbstractMapBag.MutableInteger,18,6,4,0,4,3,4,1,2,1
Apache Commons Collections,org.apache.commons.collections4.bag,TreeBag,7,84,0,6,3,21,1,12,1,9
Apache Commons Collections,org.apache.commons.collections4.bag,CollectionBag,11,134,3,21,2,42,3,20,0,11
Apache Commons Collections,org.apache.commons.collections4.bag,CollectionSortedBag,11,134,3,21,2,42,3,20,0,11
Apache Commons Collections,org.apache.commons.collections4.bag,UnmodifiableBag,12,63,0,2,3,20,3,12,3,11
Apache Commons Collections,org.apache.commons.collections4.bag,HashBag,0,28,0,0,0,11,0,4,0,4
Apache Commons Collections,org.apache.commons.collections4.trie,AbstractPatriciaTrie.RangeEntryMap,43,134,10,24,7,30,11,16,1,9
Apache Commons Collections,org.apache.commons.collections4.trie,AbstractPatriciaTrie.PrefixRangeEntrySet,0,81,0,6,0,15,0,6,0,3
Apache Commons Collections,org.apache.commons.collections4.trie,AbstractPatriciaTrie.KeySet.KeyIterator,0,12,0,0,0,2,0,2,0,2
Apache Commons Collections,org.apache.commons.collections4.trie,AbstractPatriciaTrie.RangeMap,131,152,25,25,16,30,18,21,4,10
Apache Commons Collections,org.apache.commons.collections4.trie,AbstractPatriciaTrie.KeySet,0,41,0,2,0,9,0,7,0,6
Apache Commons Collections,org.apache.commons.collections4.trie,AbstractPatriciaTrie.TrieIterator,4,101,1,9,1,25,1,10,0,6
Apache Commons Collections,org.apache.commons.collections4.trie,AbstractPatriciaTrie.TrieEntry,38,212,8,18,6,35,8,10,0,5
Apache Commons Collections,org.apache.commons.collections4.trie,AbstractPatriciaTrie.RangeEntrySet.EntryIterator,0,48,0,10,0,8,0,8,0,3
Apache Commons Collections,org.apache.commons.collections4.trie,AbstractPatriciaTrie.RangeEntrySet,7,171,2,28,2,40,2,19,0,6
Apache Commons Collections,org.apache.commons.collections4.trie,AbstractPatriciaTrie.EntrySet,2,62,1,9,1,15,1,10,0,6
Apache Commons Collections,org.apache.commons.collections4.trie,KeyAnalyzer,21,26,8,6,3,7,8,5,2,4
Apache Commons Collections,org.apache.commons.collections4.trie,UnmodifiableTrie,27,121,0,4,6,30,5,24,5,22
Apache Commons Collections,org.apache.commons.collections4.trie,AbstractPatriciaTrie.Values.ValueIterator,0,12,0,0,0,2,0,2,0,2
Apache Commons Collections,org.apache.commons.collections4.trie,PatriciaTrie,7,6,0,0,2,2,1,1,1,1
Apache Commons Collections,org.apache.commons.collections4.trie,AbstractPatriciaTrie.EntrySet.EntryIterator,0,11,0,0,0,2,0,2,0,2
Apache Commons Collections,org.apache.commons.collections4.trie,AbstractPatriciaTrie.PrefixRangeEntrySet.SingletonIterator,26,31,3,3,6,8,3,4,1,3
Apache Commons Collections,org.apache.commons.collections4.trie,AbstractBitwiseTrie.BasicEntry,23,73,2,10,5,21,4,11,2,7
Apache Commons Collections,org.apache.commons.collections4.trie,AbstractPatriciaTrie.TrieMapIterator,4,95,1,11,1,24,1,14,0,9
Apache Commons Collections,org.apache.commons.collections4.trie,AbstractPatriciaTrie.Reference,7,0,0,0,3,0,2,0,2,0
Apache Commons Collections,org.apache.commons.collections4.trie,AbstractPatriciaTrie.PrefixRangeEntrySet.EntryIterator,0,89,1,9,0,22,1,8,0,4
Apache Commons Collections,org.apache.commons.collections4.trie,AbstractPatriciaTrie,571,1298,100,196,130,306,75,124,6,45
Apache Commons Collections,org.apache.commons.collections4.trie,AbstractPatriciaTrie.PrefixRangeMap,50,265,4,36,8,56,12,23,8,7
Apache Commons Collections,org.apache.commons.collections4.trie,AbstractPatriciaTrie.Values,0,45,0,4,0,13,0,8,0,6
Apache Commons Collections,org.apache.commons.collections4.trie,AbstractBitwiseTrie,17,113,5,15,4,24,5,15,1,9
Apache Commons Collections,org.apache.commons.collections4.list,NodeCachingLinkedList,10,150,0,12,4,51,2,18,2,12
Apache Commons Collections,org.apache.commons.collections4.list,TreeList,2,262,2,16,1,53,2,23,0,16
Apache Commons Collections,org.apache.commons.collections4.list,SetUniqueList.SetListIterator,0,29,0,0,0,10,0,3,0,3
Apache Commons Collections,org.apache.commons.collections4.list,PredicatedList.PredicatedListIterator,0,25,0,0,0,9,0,3,0,3
Apache Commons Collections,org.apache.commons.collections4.list,AbstractSerializableListDecorator,0,19,0,0,0,8,0,3,0,3
Apache Commons Collections,org.apache.commons.collections4.list,TransformedList,13,134,1,7,2,26,2,18,1,15
Apache Commons Collections,org.apache.commons.collections4.list,FixedSizeList,22,70,0,0,7,17,6,16,6,16
Apache Commons Collections,org.apache.commons.collections4.list,FixedSizeList.FixedSizeListIterator,4,7,0,0,2,3,2,1,2,1
Apache Commons Collections,org.apache.commons.collections4.list,AbstractLinkedList,28,783,9,91,8,190,10,89,1,48
Apache Commons Collections,org.apache.commons.collections4.list,CursorableLinkedList.SubCursor,0,70,0,4,0,14,0,8,0,6
Apache Commons Collections,org.apache.commons.collections4.list,AbstractLinkedList.LinkedListIterator,0,211,0,14,0,50,0,19,0,12
Apache Commons Collections,org.apache.commons.collections4.list,TransformedList.TransformedListIterator,0,27,0,0,0,9,0,3,0,3
Apache Commons Collections,org.apache.commons.collections4.list,UnmodifiableList,0,83,0,2,0,21,0,17,0,16
Apache Commons Collections,org.apache.commons.collections4.list,AbstractListDecorator,3,77,0,4,2,16,1,16,1,14
Apache Commons Collections,org.apache.commons.collections4.list,GrowthList,10,90,4,6,2,20,4,8,1,6
Apache Commons Collections,org.apache.commons.collections4.list,CursorableLinkedList.Cursor,11,172,3,23,2,51,3,19,0,9
Apache Commons Collections,org.apache.commons.collections4.list,AbstractLinkedList.Node,26,22,0,0,11,10,5,4,5,4
Apache Commons Collections,org.apache.commons.collections4.list,CursorableLinkedList,19,218,7,19,8,76,8,25,1,19
Apache Commons Collections,org.apache.commons.collections4.list,SetUniqueList,34,284,2,26,5,68,3,31,1,19
Apache Commons Collections,org.apache.commons.collections4.list,AbstractLinkedList.LinkedSubList,62,249,5,11,6,57,6,16,1,13
Apache Commons Collections,org.apache.commons.collections4.list,SetUniqueList.SetListListIterator,0,55,0,2,0,17,0,7,0,6
Apache Commons Collections,org.apache.commons.collections4.list,AbstractLinkedList.LinkedSubListIterator,0,69,0,4,0,14,0,8,0,6
Apache Commons Collections,org.apache.commons.collections4.list,PredicatedList,13,101,0,6,2,21,1,17,1,14
Apache Commons Collections,org.apache.commons.collections4.list,TreeList.AVLNode,53,1051,14,134,16,246,13,95,1,32
Apache Commons Collections,org.apache.commons.collections4.list,LazyList,30,54,2,6,6,15,3,5,1,3
Apache Commons Collections,org.apache.commons.collections4.list,TreeList.TreeListIterator,4,246,1,21,1,56,1,21,0,11
Apache Commons Collections,org.apache.commons.collections4.functors,ComparatorPredicate,25,80,3,17,3,23,3,13,0,4
Apache Commons Collections,org.apache.commons.collections4.functors,MapTransformer,3,20,0,2,1,7,1,4,1,3
Apache Commons Collections,org.apache.commons.collections4.functors,ExceptionPredicate,0,14,0,0,0,4,0,4,0,4
Apache Commons Collections,org.apache.commons.collections4.functors,PrototypeFactory.PrototypeSerializationFactory,8,53,0,2,4,17,0,3,0,2
Apache Commons Collections,org.apache.commons.collections4.functors,InstantiateTransformer,32,86,10,14,8,19,10,8,0,6
Apache Commons Collections,org.apache.commons.collections4.functors,OrPredicate,13,38,1,7,1,8,2,6,1,3
Apache Commons Collections,org.apache.commons.collections4.functors,NotNullPredicate,0,15,0,2,0,4,0,5,0,4
Apache Commons Collections,org.apache.commons.collections4.functors,FactoryTransformer,3,22,0,2,1,7,1,4,1,3
Apache Commons Collections,org.apache.commons.collections4.functors,NonePredicate,0,55,0,8,0,14,0,8,0,4
Apache Commons Collections,org.apache.commons.collections4.functors,ComparatorPredicate.Criterion,0,54,0,0,0,2,0,1,0,1
Apache Commons Collections,org.apache.commons.collections4.functors,ForClosure,6,39,0,8,2,12,2,7,2,3
Apache Commons Collections,org.apache.commons.collections4.functors,StringValueTransformer,0,12,0,0,0,4,0,4,0,4
Apache Commons Collections,org.apache.commons.collections4.functors,WhileClosure,9,51,0,8,3,15,3,7,3,3
Apache Commons Collections,org.apache.commons.collections4.functors,UniquePredicate,0,17,0,0,0,5,0,3,0,3
Apache Commons Collections,org.apache.commons.collections4.functors,ChainedTransformer,4,78,0,10,1,19,1,10,1,5
Apache Commons Collections,org.apache.commons.collections4.functors,TransformerClosure,3,21,0,2,1,8,1,4,1,3
Apache Commons Collections,org.apache.commons.collections4.functors,NullPredicate,0,15,0,2,0,4,0,5,0,4
Apache Commons Collections,org.apache.commons.collections4.functors,InstanceofPredicate,8,18,1,1,2,6,2,3,1,3
Apache Commons Collections,org.apache.commons.collections4.functors,AbstractQuantifierPredicate,4,6,0,0,1,3,1,1,1,1
Apache Commons Collections,org.apache.commons.collections4.functors,AnyPredicate,4,67,1,11,1,17,1,9,0,4
Apache Commons Collections,org.apache.commons.collections4.functors,IdentityPredicate,3,23,0,4,1,7,1,5,1,3
Apache Commons Collections,org.apache.commons.collections4.functors,IfTransformer,14,66,2,10,4,17,5,8,3,4
Apache Commons Collections,org.apache.commons.collections4.functors,CatchAndRethrowClosure,0,17,0,0,0,8,0,2,0,2
Apache Commons Collections,org.apache.commons.collections4.functors,PredicateTransformer,3,24,0,2,1,7,1,4,1,3
Apache Commons Collections,org.apache.commons.collections4.functors,ExceptionFactory,0,14,0,0,0,4,0,4,0,4
Apache Commons Collections,org.apache.commons.collections4.functors,SwitchTransformer,13,159,2,24,3,36,5,16,3,5
Apache Commons Collections,org.apache.commons.collections4.functors,EqualPredicate,3,48,0,6,1,15,1,8,1,5
Apache Commons Collections,org.apache.commons.collections4.functors,NullIsExceptionPredicate,8,30,0,4,1,9,1,5,1,3
Apache Commons Collections,org.apache.commons.collections4.functors,ConstantTransformer,43,31,11,3,9,11,8,7,2,6
Apache Commons Collections,org.apache.commons.collections4.functors,InstantiateFactory,23,108,5,17,7,27,5,11,0,5
Apache Commons Collections,org.apache.commons.collections4.functors,NullIsFalsePredicate,8,27,0,4,1,9,1,5,1,3
Apache Commons Collections,org.apache.commons.collections4.functors,PrototypeFactory,0,66,0,4,0,13,0,3,0,1
Apache Commons Collections,org.apache.commons.collections4.functors,NOPTransformer,0,11,0,0,0,4,0,4,0,4
Apache Commons Collections,org.apache.commons.collections4.functors,CloneTransformer,0,15,0,2,0,5,0,4,0,3
Apache Commons Collections,org.apache.commons.collections4.functors,DefaultEquator,4,25,2,6,1,4,3,6,1,4
Apache Commons Collections,org.apache.commons.collections4.functors,PrototypeFactory.PrototypeCloneFactory,33,20,1,1,10,6,2,2,1,2
Apache Commons Collections,org.apache.commons.collections4.functors,ChainedClosure,4,91,0,12,1,23,1,11,1,5
Apache Commons Collections,org.apache.commons.collections4.functors,ConstantFactory,3,24,0,2,1,8,1,5,1,4
Apache Commons Collections,org.apache.commons.collections4.functors,ClosureTransformer,3,24,0,2,1,8,1,4,1,3
Apache Commons Collections,org.apache.commons.collections4.functors,FalsePredicate,0,11,0,0,0,4,0,4,0,4
Apache Commons Collections,org.apache.commons.collections4.functors,NullIsTruePredicate,8,27,0,4,1,9,1,5,1,3
Apache Commons Collections,org.apache.commons.collections4.functors,InvokerTransformer,45,133,4,24,6,28,4,15,0,5
Apache Commons Collections,org.apache.commons.collections4.functors,FunctorUtils,10,174,3,27,5,36,5,20,2,8
Apache Commons Collections,org.apache.commons.collections4.functors,TransformedPredicate,16,34,1,3,3,10,3,4,2,3
Apache Commons Collections,org.apache.commons.collections4.functors,SwitchClosure,13,154,2,22,3,35,5,15,3,5
Apache Commons Collections,org.apache.commons.collections4.functors,ExceptionClosure,0,14,0,0,0,4,0,4,0,4
Apache Commons Collections,org.apache.commons.collections4.functors,IfClosure,25,45,3,5,7,13,7,5,4,4
Apache Commons Collections,org.apache.commons.collections4.functors,OnePredicate,4,60,1,9,1,16,1,8,0,4
Apache Commons Collections,org.apache.commons.collections4.functors,ComparatorPredicate.new Object() {...},5,35,0,0,0,1,0,1,0,1
Apache Commons Collections,org.apache.commons.collections4.functors,AndPredicate,13,38,1,7,1,8,2,6,1,3
Apache Commons Collections,org.apache.commons.collections4.functors,AllPredicate,0,73,0,12,0,18,0,10,0,4
Apache Commons Collections,org.apache.commons.collections4.functors,TruePredicate,0,11,0,0,0,4,0,4,0,4
Apache Commons Collections,org.apache.commons.collections4.functors,ExceptionTransformer,0,14,0,0,0,4,0,4,0,4
Apache Commons Collections,org.apache.commons.collections4.functors,NotPredicate,8,27,0,4,1,7,1,5,1,3
Apache Commons Collections,org.apache.commons.collections4.functors,TransformerPredicate,3,34,0,4,1,10,1,5,1,3
Apache Commons Collections,org.apache.commons.collections4.functors,NOPClosure,0,10,0,0,0,4,0,4,0,4
Apache Commons Collections,org.apache.commons.collections4.bidimap,AbstractDualBidiMap,0,280,0,18,0,64,0,34,0,25
Apache Commons Collections,org.apache.commons.collections4.bidimap,TreeBidiMap.InverseViewMapIterator,4,40,0,4,1,11,1,7,1,5
Apache Commons Collections,org.apache.commons.collections4.bidimap,TreeBidiMap,151,1852,29,226,32,433,29,164,1,64
Apache Commons Collections,org.apache.commons.collections4.bidimap,AbstractDualBidiMap.Values,0,41,0,2,0,9,0,5,0,4
Apache Commons Collections,org.apache.commons.collections4.bidimap,AbstractDualBidiMap.MapEntry,0,38,0,4,0,9,0,4,0,2
Apache Commons Collections,org.apache.commons.collections4.bidimap,AbstractDualBidiMap.KeySetIterator,0,53,0,2,0,16,0,4,0,3
Apache Commons Collections,org.apache.commons.collections4.bidimap,AbstractDualBidiMap.EntrySet,0,62,1,9,0,14,1,7,0,3
Apache Commons Collections,org.apache.commons.collections4.bidimap,TreeBidiMap.InverseViewMapEntryIterator,5,21,0,0,1,5,1,3,1,3
Apache Commons Collections,org.apache.commons.collections4.bidimap,TreeBidiMap.ViewMapIterator,4,40,0,4,1,11,1,7,1,5
Apache Commons Collections,org.apache.commons.collections4.bidimap,AbstractSortedBidiMapDecorator,28,8,0,0,6,3,6,2,6,2
Apache Commons Collections,org.apache.commons.collections4.bidimap,DualLinkedHashBidiMap,12,49,0,0,3,14,1,5,1,5
Apache Commons Collections,org.apache.commons.collections4.bidimap,AbstractDualBidiMap.BidiMapIterator,14,145,0,14,4,33,1,15,1,8
Apache Commons Collections,org.apache.commons.collections4.bidimap,AbstractDualBidiMap.View,0,88,0,18,0,26,0,15,0,6
Apache Commons Collections,org.apache.commons.collections4.bidimap,AbstractOrderedBidiMapDecorator,8,26,0,0,2,7,2,6,2,6
Apache Commons Collections,org.apache.commons.collections4.bidimap,TreeBidiMap.ValueView,0,37,0,4,0,7,0,6,0,4
Apache Commons Collections,org.apache.commons.collections4.bidimap,TreeBidiMap.KeyView,0,37,0,4,0,7,0,6,0,4
Apache Commons Collections,org.apache.commons.collections4.bidimap,TreeBidiMap.ViewIterator,60,128,9,11,12,27,7,9,2,4
Apache Commons Collections,org.apache.commons.collections4.bidimap,UnmodifiableBidiMap,0,79,0,4,0,23,0,14,0,12
Apache Commons Collections,org.apache.commons.collections4.bidimap,TreeBidiMap.Inverse,80,153,8,10,12,34,8,25,4,20
Apache Commons Collections,org.apache.commons.collections4.bidimap,TreeBidiMap.Node,8,263,6,17,2,49,6,27,0,21
Apache Commons Collections,org.apache.commons.collections4.bidimap,TreeBidiMap.EntryView,2,72,1,11,1,18,1,9,0,4
Apache Commons Collections,org.apache.commons.collections4.bidimap,DualTreeBidiMap,36,207,2,10,9,51,5,21,3,17
Apache Commons Collections,org.apache.commons.collections4.bidimap,DualTreeBidiMap.ViewMap,38,35,0,2,5,8,5,5,5,4
Apache Commons Collections,org.apache.commons.collections4.bidimap,DualHashBidiMap,12,49,0,0,3,14,1,5,1,5
Apache Commons Collections,org.apache.commons.collections4.bidimap,TreeBidiMap.View,0,17,0,0,0,7,0,3,0,3
Apache Commons Collections,org.apache.commons.collections4.bidimap,AbstractDualBidiMap.KeySet,0,41,0,2,0,9,0,5,0,4
Apache Commons Collections,org.apache.commons.collections4.bidimap,TreeBidiMap.DataElement,0,37,0,0,0,6,0,3,0,3
Apache Commons Collections,org.apache.commons.collections4.bidimap,DualTreeBidiMap.BidiOrderedMapIterator,27,134,0,12,6,29,3,14,3,8
Apache Commons Collections,org.apache.commons.collections4.bidimap,UnmodifiableOrderedBidiMap,0,82,0,4,0,24,0,15,0,13
Apache Commons Collections,org.apache.commons.collections4.bidimap,TreeBidiMap.new Object() {...},2,17,0,0,0,1,0,1,0,1
Apache Commons Collections,org.apache.commons.collections4.bidimap,TreeBidiMap.ViewMapEntryIterator,3,11,0,0,1,4,1,2,1,2
Apache Commons Collections,org.apache.commons.collections4.bidimap,AbstractDualBidiMap.ValuesIterator,0,47,0,2,0,15,0,4,0,3
Apache Commons Collections,org.apache.commons.collections4.bidimap,AbstractBidiMapDecorator,13,17,0,0,3,5,3,4,3,4
Apache Commons Collections,org.apache.commons.collections4.bidimap,TreeBidiMap.InverseEntryView,2,72,1,11,1,18,1,9,0,4
Apache Commons Collections,org.apache.commons.collections4.bidimap,UnmodifiableSortedBidiMap,0,104,0,4,0,29,0,17,0,15
Apache Commons Collections,org.apache.commons.collections4.bidimap,AbstractDualBidiMap.EntrySetIterator,0,56,0,2,0,16,0,4,0,3
Apache Commons Collections,org.apache.commons.collections4.map,AbstractLinkedMap.EntrySetIterator,3,7,0,0,1,3,1,2,1,2
Apache Commons Collections,org.apache.commons.collections4.map,UnmodifiableEntrySet,2,133,2,10,1,27,2,15,0,11
Apache Commons Collections,org.apache.commons.collections4.map,LazyMap,0,81,0,6,0,24,0,10,0,7
Apache Commons Collections,org.apache.commons.collections4.map,StaticBucketMap.Node,2,73,2,18,1,14,2,13,0,5
Apache Commons Collections,org.apache.commons.collections4.map,AbstractHashedMap.Values,0,23,0,0,0,8,0,5,0,5
Apache Commons Collections,org.apache.commons.collections4.map,AbstractReferenceMap.ReferenceBaseIterator,5,168,2,22,1,48,2,17,0,7
Apache Commons Collections,org.apache.commons.collections4.map,Flat3Map.EntrySet,2,57,1,5,1,17,1,7,0,5
Apache Commons Collections,org.apache.commons.collections4.map,AbstractReferenceMap.ReferenceValues,0,34,0,2,0,8,0,4,0,3
Apache Commons Collections,org.apache.commons.collections4.map,TransformedSortedMap,0,94,1,1,0,19,1,10,0,10
Apache Commons Collections,org.apache.commons.collections4.map,AbstractReferenceMap.ReferenceStrength,8,49,3,1,3,7,3,3,0,3
Apache Commons Collections,org.apache.commons.collections4.map,FixedSizeMap,30,71,4,2,8,20,5,11,3,10
Apache Commons Collections,org.apache.commons.collections4.map,AbstractOrderedMapDecorator,4,29,0,0,1,9,1,7,1,7
Apache Commons Collections,org.apache.commons.collections4.map,ListOrderedMap.KeySetView.new AbstractUntypedIteratorDecorator() {...},0,13,0,0,0,2,0,2,0,2
Apache Commons Collections,org.apache.commons.collections4.map,PredicatedSortedMap,0,72,0,0,0,13,0,9,0,9
Apache Commons Collections,org.apache.commons.collections4.map,AbstractReferenceMap.SoftRef,11,0,0,0,4,0,2,0,2,0
Apache Commons Collections,org.apache.commons.collections4.map,ListOrderedMap.ValuesView.new AbstractUntypedIteratorDecorator() {...},0,13,0,0,0,2,0,2,0,2
Apache Commons Collections,org.apache.commons.collections4.map,PredicatedMap,0,128,0,16,0,32,0,17,0,9
Apache Commons Collections,org.apache.commons.collections4.map,StaticBucketMap.KeyIterator,0,12,0,0,0,2,0,2,0,2
Apache Commons Collections,org.apache.commons.collections4.map,Flat3Map.KeySetIterator,0,8,0,0,0,3,0,2,0,2
Apache Commons Collections,org.apache.commons.collections4.map,Flat3Map.FlatMapEntry,111,112,26,16,19,32,20,12,2,6
Apache Commons Collections,org.apache.commons.collections4.map,Flat3Map.Values,6,35,1,3,1,11,1,6,0,5
Apache Commons Collections,org.apache.commons.collections4.map,AbstractReferenceMap.WeakRef,0,11,0,0,0,4,0,2,0,2
Apache Commons Collections,org.apache.commons.collections4.map,AbstractReferenceMap.ReferenceKeySetIterator,0,8,0,0,0,3,0,2,0,2
Apache Commons Collections,org.apache.commons.collections4.map,ListOrderedMap.KeySetView,0,28,0,0,0,8,0,5,0,5
Apache Commons Collections,org.apache.commons.collections4.map,AbstractReferenceMap,10,396,8,42,1,113,8,47,0,30
Apache Commons Collections,org.apache.commons.collections4.map,UnmodifiableMap,21,65,2,2,5,22,2,12,1,11
Apache Commons Collections,org.apache.commons.collections4.map,CompositeMap,17,456,3,47,5,86,4,43,1,21
Apache Commons Collections,org.apache.commons.collections4.map,AbstractLinkedMap.ValuesIterator,4,8,0,0,1,3,1,2,1,2
Apache Commons Collections,org.apache.commons.collections4.map,AbstractHashedMap,41,1066,11,125,15,269,15,105,4,48
Apache Commons Collections,org.apache.commons.collections4.map,TransformedMap,1,144,2,10,0,38,2,16,0,12
Apache Commons Collections,org.apache.commons.collections4.map,AbstractLinkedMap.LinkEntry,0,7,0,0,0,2,0,1,0,1
Apache Commons Collections,org.apache.commons.collections4.map,StaticBucketMap.ValueIterator,0,12,0,0,0,2,0,2,0,2
Apache Commons Collections,org.apache.commons.collections4.map,MultiValueMap.1.1.new Map.Entry() {...},4,16,0,0,1,3,1,3,1,3
Apache Commons Collections,org.apache.commons.collections4.map,PassiveExpiringMap.ConstantTimeToLiveExpirationPolicy,6,33,1,3,3,10,2,4,1,3
Apache Commons Collections,org.apache.commons.collections4.map,AbstractInputCheckedMapDecorator,2,23,0,2,1,7,1,4,1,3
Apache Commons Collections,org.apache.commons.collections4.map,AbstractLinkedMap.LinkIterator,15,158,4,14,4,33,4,14,0,9
Apache Commons Collections,org.apache.commons.collections4.map,LazySortedMap,0,75,0,0,0,16,0,11,0,11
Apache Commons Collections,org.apache.commons.collections4.map,StaticBucketMap.BaseIterator,0,110,0,12,0,24,0,10,0,4
Apache Commons Collections,org.apache.commons.collections4.map,LinkedMap.LinkedMapList,4,84,0,0,1,19,1,17,1,17
Apache Commons Collections,org.apache.commons.collections4.map,MultiValueMap.1.new Transformer() {...},0,15,0,0,0,2,0,2,0,2
Apache Commons Collections,org.apache.commons.collections4.map,Flat3Map.FlatMapIterator,112,102,11,15,19,30,12,13,3,6
Apache Commons Collections,org.apache.commons.collections4.map,StaticBucketMap.KeySet,0,77,2,6,0,15,2,8,0,6
Apache Commons Collections,org.apache.commons.collections4.map,ListOrderedMap.ListOrderedMapIterator,13,133,0,10,4,32,1,15,1,10
Apache Commons Collections,org.apache.commons.collections4.map,AbstractHashedMap.ValuesIterator,0,8,0,0,0,3,0,2,0,2
Apache Commons Collections,org.apache.commons.collections4.map,UnmodifiableEntrySet.UnmodifiableEntrySetIterator,0,21,0,0,0,5,0,3,0,3
Apache Commons Collections,org.apache.commons.collections4.map,MultiValueMap.new LazyIteratorChain() {...},0,36,0,2,0,6,0,3,0,2
Apache Commons Collections,org.apache.commons.collections4.map,SingletonMap.SingletonValues,4,23,0,0,1,7,1,5,1,5
Apache Commons Collections,org.apache.commons.collections4.map,MultiValueMap.ValuesIterator,0,41,0,2,0,11,0,5,0,4
Apache Commons Collections,org.apache.commons.collections4.map,EntrySetToMapIteratorAdapter,0,57,0,2,0,18,0,10,0,9
Apache Commons Collections,org.apache.commons.collections4.map,AbstractReferenceMap.ReferenceEntry,26,200,11,31,5,40,10,22,0,11
Apache Commons Collections,org.apache.commons.collections4.map,Flat3Map.KeySet,0,53,0,4,0,15,0,8,0,6
Apache Commons Collections,org.apache.commons.collections4.map,PassiveExpiringMap,26,251,0,18,8,67,4,32,4,23
Apache Commons Collections,org.apache.commons.collections4.map,AbstractInputCheckedMapDecorator.EntrySet,0,116,1,9,0,21,1,8,0,4
Apache Commons Collections,org.apache.commons.collections4.map,ListOrderedMap.ListOrderedMapEntry,0,22,0,0,0,5,0,3,0,3
Apache Commons Collections,org.apache.commons.collections4.map,AbstractReferenceMap.ReferenceMapIterator,0,48,0,6,0,15,0,8,0,5
Apache Commons Collections,org.apache.commons.collections4.map,StaticBucketMap.EntryIterator,0,11,0,0,0,2,0,2,0,2
Apache Commons Collections,org.apache.commons.collections4.map,HashedMap,0,35,0,0,0,15,0,7,0,7
Apache Commons Collections,org.apache.commons.collections4.map,StaticBucketMap.EntrySet,0,116,0,10,0,24,0,11,0,6
Apache Commons Collections,org.apache.commons.collections4.map,LRUMap,203,296,9,31,17,87,13,32,5,20
Apache Commons Collections,org.apache.commons.collections4.map,MultiKeyMap,149,1431,109,191,7,304,81,108,0,39
Apache Commons Collections,org.apache.commons.collections4.map,AbstractInputCheckedMapDecorator.MapEntry,0,20,0,0,0,6,0,2,0,2
Apache Commons Collections,org.apache.commons.collections4.map,SingletonMap.SingletonMapIterator,26,97,5,9,7,24,6,12,1,10
Apache Commons Collections,org.apache.commons.collections4.map,MultiValueMap.Values,4,36,0,2,2,7,1,4,1,3
Apache Commons Collections,org.apache.commons.collections4.map,ListOrderedMap,22,433,4,38,1,99,4,45,0,28
Apache Commons Collections,org.apache.commons.collections4.map,FixedSizeSortedMap,21,94,2,2,6,21,4,15,3,14
Apache Commons Collections,org.apache.commons.collections4.map,Flat3Map,144,1247,64,226,30,328,61,123,0,23
Apache Commons Collections,org.apache.commons.collections4.map,LinkedMap,9,76,0,4,4,21,2,12,2,10
Apache Commons Collections,org.apache.commons.collections4.map,AbstractInputCheckedMapDecorator.EntrySetIterator,0,24,0,0,0,6,0,2,0,2
Apache Commons Collections,org.apache.commons.collections4.map,AbstractReferenceMap.ReferenceEntrySet,0,38,0,2,0,8,0,4,0,3
Apache Commons Collections,org.apache.commons.collections4.map,ReferenceMap,24,28,0,0,6,10,3,4,3,4
Apache Commons Collections,org.apache.commons.collections4.map,DefaultedMap,15,79,3,7,3,21,3,11,0,9
Apache Commons Collections,org.apache.commons.collections4.map,ListOrderedMap.ListOrderedIterator,0,34,0,0,0,9,0,3,0,3
Apache Commons Collections,org.apache.commons.collections4.map,MultiValueMap.ReflectionFactory,15,31,1,3,2,8,1,4,0,3
Apache Commons Collections,org.apache.commons.collections4.map,AbstractReferenceMap.ReferenceValuesIterator,0,8,0,0,0,3,0,2,0,2
Apache Commons Collections,org.apache.commons.collections4.map,AbstractMapDecorator,0,92,0,4,0,27,0,20,0,18
Apache Commons Collections,org.apache.commons.collections4.map,StaticBucketMap,40,573,11,63,13,121,12,44,3,16
Apache Commons Collections,org.apache.commons.collections4.map,AbstractHashedMap.KeySet,0,35,0,0,0,11,0,6,0,6
Apache Commons Collections,org.apache.commons.collections4.map,AbstractHashedMap.KeySetIterator,0,8,0,0,0,3,0,2,0,2
Apache Commons Collections,org.apache.commons.collections4.map,SingletonMap,114,190,20,15,29,50,21,30,5,28
Apache Commons Collections,org.apache.commons.collections4.map,AbstractHashedMap.EntrySet,0,64,0,10,0,19,0,11,0,6
Apache Commons Collections,org.apache.commons.collections4.map,AbstractLinkedMap.KeySetIterator,4,8,0,0,1,3,1,2,1,2
Apache Commons Collections,org.apache.commons.collections4.map,Flat3Map.EntryIterator,34,42,3,3,8,9,3,4,1,3
Apache Commons Collections,org.apache.commons.collections4.map,Flat3Map.EntrySetIterator,0,7,0,0,0,3,0,2,0,2
Apache Commons Collections,org.apache.commons.collections4.map,CaseInsensitiveMap,5,60,0,4,2,19,1,9,1,7
Apache Commons Collections,org.apache.commons.collections4.map,AbstractSortedMapDecorator.SortedMapIterator,29,0,0,0,8,0,4,0,4,0
Apache Commons Collections,org.apache.commons.collections4.map,ListOrderedMap.ValuesView,0,44,0,0,0,11,0,8,0,8
Apache Commons Collections,org.apache.commons.collections4.map,AbstractIterableMap,0,9,0,0,0,2,0,2,0,2
Apache Commons Collections,org.apache.commons.collections4.map,AbstractHashedMap.EntrySetIterator,0,7,0,0,0,3,0,2,0,2
Apache Commons Collections,org.apache.commons.collections4.map,AbstractLinkedMap,10,331,0,40,4,72,3,40,3,20
Apache Commons Collections,org.apache.commons.collections4.map,AbstractReferenceMap.ReferenceKeySet,0,34,0,2,0,8,0,4,0,3
Apache Commons Collections,org.apache.commons.collections4.map,UnmodifiableSortedMap,29,67,0,2,4,21,4,14,4,13
Apache Commons Collections,org.apache.commons.collections4.map,ReferenceIdentityMap,24,61,0,6,6,16,3,11,3,8
Apache Commons Collections,org.apache.commons.collections4.map,AbstractHashedMap.HashMapIterator,0,48,0,6,0,15,0,8,0,5
Apache Commons Collections,org.apache.commons.collections4.map,AbstractSortedMapDecorator,51,23,4,0,9,8,8,6,6,6
Apache Commons Collections,org.apache.commons.collections4.map,AbstractLinkedMap.LinkMapIterator,0,52,0,6,0,16,0,9,0,6
Apache Commons Collections,org.apache.commons.collections4.map,MultiValueMap,13,327,5,39,2,86,6,38,1,21
Apache Commons Collections,org.apache.commons.collections4.map,AbstractHashedMap.HashIterator,6,147,2,18,2,36,2,14,0,6
Apache Commons Collections,org.apache.commons.collections4.map,StaticBucketMap.Values,0,21,0,0,0,5,0,4,0,4
Apache Commons Collections,org.apache.commons.collections4.map,UnmodifiableOrderedMap,0,72,0,2,0,24,0,13,0,12
Apache Commons Collections,org.apache.commons.collections4.map,AbstractReferenceMap.ReferenceEntrySetIterator,0,7,0,0,0,3,0,2,0,2
Apache Commons Collections,org.apache.commons.collections4.map,ListOrderedMap.EntrySetView,0,92,0,8,0,26,0,16,0,12
Apache Commons Collections,org.apache.commons.collections4.map,Flat3Map.ValuesIterator,0,8,0,0,0,3,0,2,0,2
Apache Commons Collections,org.apache.commons.collections4.map,UnmodifiableEntrySet.UnmodifiableEntry,0,11,0,0,0,4,0,2,0,2
Apache Commons Collections,org.apache.commons.collections4.map,AbstractHashedMap.HashEntry,2,107,2,20,1,23,2,16,0,7
Apache Commons Collections,org.apache.commons.collections4.multimap,AbstractListValuedMap.WrappedList,104,70,6,6,25,19,11,9,8,6
Apache Commons Collections,org.apache.commons.collections4.multimap,ArrayListValuedHashMap,34,48,2,0,10,16,4,6,3,6
Apache Commons Collections,org.apache.commons.collections4.multimap,AbstractListValuedMap.ValuesListIterator,44,76,0,4,11,18,6,7,6,5
Apache Commons Collections,org.apache.commons.collections4.multimap,TransformedMultiValuedMap,10,156,4,16,2,35,4,15,0,9
Apache Commons Collections,org.apache.commons.collections4.multimap,HashSetValuedHashMap,25,38,0,0,8,13,3,5,3,5
Apache Commons Collections,org.apache.commons.collections4.multimap,AbstractMultiValuedMap.KeysMultiSet.MapEntryTransformer,0,12,0,0,0,2,0,2,0,2
Apache Commons Collections,org.apache.commons.collections4.multimap,AbstractMultiValuedMap,87,347,15,43,16,81,16,42,4,25
Apache Commons Collections,org.apache.commons.collections4.multimap,AbstractMultiValuedMap.EntryValues.1.new Transformer() {...},0,20,0,0,0,2,0,2,0,2
Apache Commons Collections,org.apache.commons.collections4.multimap,AbstractMultiValuedMap.MultiValuedMapEntry,0,12,0,0,0,4,0,2,0,2
Apache Commons Collections,org.apache.commons.collections4.multimap,AbstractListValuedMap,0,27,0,0,0,8,0,6,0,6
Apache Commons Collections,org.apache.commons.collections4.multimap,AbstractMultiValuedMap.KeysMultiSet.MapEntryTransformer.new AbstractMultiSet.AbstractEntry() {...},0,19,0,0,0,3,0,3,0,3
Apache Commons Collections,org.apache.commons.collections4.multimap,AbstractMultiValuedMap.EntryValues.new LazyIteratorChain() {...},0,49,0,2,0,8,0,3,0,2
Apache Commons Collections,org.apache.commons.collections4.multimap,AbstractMultiValuedMap.WrappedCollection,101,131,19,15,31,33,17,16,6,10
Apache Commons Collections,org.apache.commons.collections4.multimap,AbstractMultiValuedMap.ValuesIterator,0,43,0,2,0,11,0,5,0,4
Apache Commons Collections,org.apache.commons.collections4.multimap,AbstractMultiValuedMap.KeysMultiSet,0,56,1,1,0,12,1,7,0,7
Apache Commons Collections,org.apache.commons.collections4.multimap,AbstractMultiValuedMap.AsMap.AsMapEntrySet,0,50,0,2,0,11,0,7,0,6
Apache Commons Collections,org.apache.commons.collections4.multimap,AbstractMultiValuedMap.EntryValues,0,15,0,0,0,3,0,3,0,3
Apache Commons Collections,org.apache.commons.collections4.multimap,UnmodifiableMultiValuedMap,24,55,0,2,6,13,6,11,6,10
Apache Commons Collections,org.apache.commons.collections4.multimap,AbstractMultiValuedMap.MultiValuedMapIterator,27,39,5,1,7,11,5,5,2,5
Apache Commons Collections,org.apache.commons.collections4.multimap,AbstractMultiValuedMap.AsMap,0,90,0,8,0,24,0,15,0,11
Apache Commons Collections,org.apache.commons.collections4.multimap,AbstractMultiValuedMap.Values,0,40,0,2,0,9,0,5,0,4
Apache Commons Collections,org.apache.commons.collections4.multimap,AbstractSetValuedMap,0,27,0,0,0,8,0,6,0,6
Apache Commons Collections,org.apache.commons.collections4.multimap,AbstractMultiValuedMap.AsMap.AsMapEntrySetIterator,0,24,0,0,0,6,0,2,0,2
Apache Commons Collections,org.apache.commons.collections4.multimap,AbstractMultiValuedMapDecorator,26,98,0,4,5,26,5,21,5,19
Apache Commons Collections,org.apache.commons.collections4.multimap,AbstractSetValuedMap.WrappedSet,0,37,0,4,0,12,0,5,0,3
Apache Commons Collections,org.apache.commons.collections4.set,UnmodifiableSet,0,45,0,2,0,13,0,10,0,9
Apache Commons Collections,org.apache.commons.collections4.set,UnmodifiableSortedSet,0,83,0,2,0,24,0,15,0,14
Apache Commons Collections,org.apache.commons.collections4.set,MapBackedSet,5,151,1,9,1,31,1,22,0,18
Apache Commons Collections,org.apache.commons.collections4.set,ListOrderedSet.OrderedSetIterator,14,28,0,0,3,9,2,3,2,3
Apache Commons Collections,org.apache.commons.collections4.set,TransformedSet,0,67,1,7,0,12,1,8,0,5
Apache Commons Collections,org.apache.commons.collections4.set,AbstractSetDecorator,3,24,0,4,2,5,1,6,1,4
Apache Commons Collections,org.apache.commons.collections4.set,AbstractNavigableSetDecorator,39,28,0,0,9,7,8,6,8,6
Apache Commons Collections,org.apache.commons.collections4.set,UnmodifiableNavigableSet,0,122,0,2,0,32,0,20,0,19
Apache Commons Collections,org.apache.commons.collections4.set,AbstractSerializableSetDecorator,0,19,0,0,0,8,0,3,0,3
Apache Commons Collections,org.apache.commons.collections4.set,PredicatedSet,0,31,0,4,0,6,0,7,0,5
Apache Commons Collections,org.apache.commons.collections4.set,CompositeSet,23,455,5,59,6,109,7,51,2,24
Apache Commons Collections,org.apache.commons.collections4.set,ListOrderedSet,10,298,3,33,2,78,3,37,0,22
Apache Commons Collections,org.apache.commons.collections4.set,TransformedSortedSet,44,60,4,0,8,12,4,8,2,8
Apache Commons Collections,org.apache.commons.collections4.set,AbstractSortedSetDecorator,19,20,0,0,5,6,4,5,4,5
Apache Commons Collections,org.apache.commons.collections4.set,PredicatedNavigableSet,15,74,0,0,3,15,3,11,3,11
Apache Commons Collections,org.apache.commons.collections4.set,PredicatedSortedSet,0,64,0,0,0,13,0,9,0,9
Apache Commons Collections,org.apache.commons.collections4.set,TransformedNavigableSet,55,74,4,0,10,15,6,11,4,11
Apache Commons Collections,org.apache.commons.collections4.iterators,EnumerationIterator,36,29,4,0,11,10,6,4,4,4
Apache Commons Collections,org.apache.commons.collections4.iterators,IteratorChain,84,154,6,14,13,43,8,16,4,10
Apache Commons Collections,org.apache.commons.collections4.iterators,EmptyMapIterator,0,10,0,0,0,4,0,3,0,3
Apache Commons Collections,org.apache.commons.collections4.iterators,SingletonIterator,0,75,0,14,0,22,0,13,0,6
Apache Commons Collections,org.apache.commons.collections4.iterators,ObjectArrayIterator,6,105,0,12,2,27,2,14,2,8
Apache Commons Collections,org.apache.commons.collections4.iterators,FilterIterator,17,98,1,13,5,32,4,14,3,8
Apache Commons Collections,org.apache.commons.collections4.iterators,SkippingIterator,0,60,0,8,0,17,0,8,0,4
Apache Commons Collections,org.apache.commons.collections4.iterators,IteratorIterable,0,44,1,5,0,12,1,6,0,4
Apache Commons Collections,org.apache.commons.collections4.iterators,ReverseListIterator,10,100,2,6,2,31,2,13,0,11
Apache Commons Collections,org.apache.commons.collections4.iterators,AbstractListIteratorDecorator,5,49,1,1,1,17,1,11,0,11
Apache Commons Collections,org.apache.commons.collections4.iterators,EmptyIterator,0,14,0,0,0,6,0,4,0,4
Apache Commons Collections,org.apache.commons.collections4.iterators,AbstractUntypedIteratorDecorator,5,19,1,1,1,8,1,4,0,4
Apache Commons Collections,org.apache.commons.collections4.iterators,TransformIterator,23,28,0,0,11,9,6,5,6,5
Apache Commons Collections,org.apache.commons.collections4.iterators,ArrayListIterator,5,113,0,8,1,25,1,14,1,10
Apache Commons Collections,org.apache.commons.collections4.iterators,UnmodifiableOrderedMapIterator,0,59,0,4,0,17,0,12,0,10
Apache Commons Collections,org.apache.commons.collections4.iterators,LoopingIterator,0,56,0,8,0,17,0,10,0,6
Apache Commons Collections,org.apache.commons.collections4.iterators,EmptyOrderedMapIterator,0,10,0,0,0,4,0,3,0,3
Apache Commons Collections,org.apache.commons.collections4.iterators,NodeListIterator,7,71,3,9,1,15,3,8,0,5
Apache Commons Collections,org.apache.commons.collections4.iterators,AbstractEmptyMapIterator,0,18,0,0,0,5,0,4,0,4
Apache Commons Collections,org.apache.commons.collections4.iterators,AbstractIteratorDecorator,0,8,0,0,0,3,0,2,0,2
Apache Commons Collections,org.apache.commons.collections4.iterators,ObjectGraphIterator,0,195,0,30,0,56,0,23,0,8
Apache Commons Collections,org.apache.commons.collections4.iterators,UnmodifiableIterator,0,38,0,4,0,12,0,7,0,5
Apache Commons Collections,org.apache.commons.collections4.iterators,IteratorIterable.new Iterator() {...},4,14,0,0,2,3,1,3,1,3
Apache Commons Collections,org.apache.commons.collections4.iterators,LazyIteratorChain,0,99,0,12,0,28,0,11,0,5
Apache Commons Collections,org.apache.commons.collections4.iterators,AbstractMapIteratorDecorator,41,0,2,0,13,0,9,0,8,0
Apache Commons Collections,org.apache.commons.collections4.iterators,AbstractOrderedMapIteratorDecorator,49,0,2,0,15,0,11,0,10,0
Apache Commons Collections,org.apache.commons.collections4.iterators,UnmodifiableListIterator,0,64,0,4,0,18,0,13,0,11
Apache Commons Collections,org.apache.commons.collections4.iterators,LoopingListIterator,16,137,3,21,4,39,4,21,1,12
Apache Commons Collections,org.apache.commons.collections4.iterators,BoundedIterator,5,117,1,17,1,31,1,14,0,6
Apache Commons Collections,org.apache.commons.collections4.iterators,PeekingIterator,12,123,3,21,4,35,3,17,0,8
Apache Commons Collections,org.apache.commons.collections4.iterators,SingletonListIterator,0,127,2,26,0,32,2,23,0,11
Apache Commons Collections,org.apache.commons.collections4.iterators,UnmodifiableMapIterator,0,51,0,4,0,15,0,10,0,8
Apache Commons Collections,org.apache.commons.collections4.iterators,EmptyListIterator,2,12,0,0,1,5,1,3,1,3
Apache Commons Collections,org.apache.commons.collections4.iterators,FilterListIterator,68,191,6,30,18,58,15,24,9,12
Apache Commons Collections,org.apache.commons.collections4.iterators,ZippingIterator,5,134,1,13,1,34,1,12,0,6
Apache Commons Collections,org.apache.commons.collections4.iterators,CollatingIterator,79,322,9,39,18,87,10,36,4,18
Apache Commons Collections,org.apache.commons.collections4.iterators,UniqueFilterIterator,0,5,0,0,0,2,0,1,0,1
Apache Commons Collections,org.apache.commons.collections4.iterators,PermutationIterator,0,262,0,34,0,45,0,21,0,4
Apache Commons Collections,org.apache.commons.collections4.iterators,PushbackIterator,12,50,3,5,3,12,3,7,0,6
Apache Commons Collections,org.apache.commons.collections4.iterators,IteratorEnumeration,7,17,0,0,4,6,2,4,2,4
Apache Commons Collections,org.apache.commons.collections4.iterators,EntrySetMapIterator,121,0,10,0,31,0,14,0,9,0
Apache Commons Collections,org.apache.commons.collections4.iterators,EmptyOrderedIterator,0,10,0,0,0,4,0,3,0,3
Apache Commons Collections,org.apache.commons.collections4.iterators,ArrayIterator,9,122,0,10,3,28,3,13,3,8
Apache Commons Collections,org.apache.commons.collections4.iterators,AbstractEmptyIterator,0,37,0,0,0,12,0,11,0,11
Apache Commons Collections,org.apache.commons.collections4.iterators,ListIteratorWrapper,41,253,8,32,11,61,8,23,2,9
Apache Commons Collections,org.apache.commons.collections4.iterators,ObjectArrayListIterator,6,112,0,8,3,23,1,14,1,10
Apache Commons Collections,org.apache.commons.collections4,PredicateUtils,12,98,0,0,5,26,5,24,5,24
Apache Commons Collections,org.apache.commons.collections4,FunctorException,8,8,0,0,4,4,2,2,2,2
Apache Commons Collections,org.apache.commons.collections4,EnumerationUtils,0,53,0,6,0,13,0,6,0,3
Apache Commons Collections,org.apache.commons.collections4,BagUtils,8,39,0,0,3,11,3,9,3,9
Apache Commons Collections,org.apache.commons.collections4,IterableUtils.2.new LazyIteratorChain() {...},0,23,0,2,0,4,0,3,0,2
Apache Commons Collections,org.apache.commons.collections4,ListUtils.LcsVisitor,0,19,0,0,0,8,0,5,0,5
Apache Commons Collections,org.apache.commons.collections4,SetUtils,37,176,1,35,11,43,12,31,11,14
Apache Commons Collections,org.apache.commons.collections4,ComparatorUtils,16,98,4,14,4,25,5,15,1,10
Apache Commons Collections,org.apache.commons.collections4,IterableUtils.UnmodifiableIterable,0,11,0,0,0,4,0,2,0,2
Apache Commons Collections,org.apache.commons.collections4,FluentIterable,0,190,0,4,0,45,0,36,0,34
Apache Commons Collections,org.apache.commons.collections4,SetUtils.new SetUtils.SetView() {...},13,41,5,3,1,4,4,5,1,4
Apache Commons Collections,org.apache.commons.collections4,SetUtils.new SetUtils.SetView() {...},0,33,0,4,0,3,0,5,0,3
Apache Commons Collections,org.apache.commons.collections4,SetUtils.new Predicate() {...},0,11,0,0,0,2,0,2,0,2
Apache Commons Collections,org.apache.commons.collections4,SetUtils.new SetUtils.SetView() {...},12,41,4,0,1,4,3,4,1,4
Apache Commons Collections,org.apache.commons.collections4,SetUtils.new SetUtils.SetView() {...},0,33,0,4,0,3,0,5,0,3
Apache Commons Collections,org.apache.commons.collections4,SetUtils.new Predicate() {...},0,15,0,2,0,2,0,3,0,2
Apache Commons Collections,org.apache.commons.collections4,CollectionUtils.SetOperationCardinalityHelper,0,48,0,2,0,11,0,5,0,4
Apache Commons Collections,org.apache.commons.collections4,IterableUtils.7.new LazyIteratorChain() {...},0,18,0,2,0,4,0,3,0,2
Apache Commons Collections,org.apache.commons.collections4,IteratorUtils,249,626,42,100,58,168,44,97,16,54
Apache Commons Collections,org.apache.commons.collections4,SetUtils.SetView,16,11,0,0,5,3,2,3,2,3
Apache Commons Collections,org.apache.commons.collections4,ClosureUtils,0,112,0,4,0,28,0,18,0,16
Apache Commons Collections,org.apache.commons.collections4,ArrayUtils,22,38,7,9,6,9,6,6,1,3
Apache Commons Collections,org.apache.commons.collections4,SplitMapUtils,13,32,3,7,3,8,3,4,0,2
Apache Commons Collections,org.apache.commons.collections4,IterableUtils.new FluentIterable() {...},0,13,0,0,0,2,0,2,0,2
Apache Commons Collections,org.apache.commons.collections4,IterableUtils.new FluentIterable() {...},0,17,0,0,0,2,0,2,0,2
Apache Commons Collections,org.apache.commons.collections4,IterableUtils.new FluentIterable() {...},0,44,0,2,0,6,0,3,0,2
Apache Commons Collections,org.apache.commons.collections4,IterableUtils.new FluentIterable() {...},0,16,0,0,0,2,0,2,0,2
Apache Commons Collections,org.apache.commons.collections4,IterableUtils.new FluentIterable() {...},0,11,0,0,0,2,0,2,0,2
Apache Commons Collections,org.apache.commons.collections4,IterableUtils.new FluentIterable() {...},0,16,0,0,0,2,0,2,0,2
Apache Commons Collections,org.apache.commons.collections4,IterableUtils.new FluentIterable() {...},0,16,0,0,0,2,0,2,0,2
Apache Commons Collections,org.apache.commons.collections4,IterableUtils.new FluentIterable() {...},0,22,0,0,0,2,0,2,0,2
Apache Commons Collections,org.apache.commons.collections4,IterableUtils.new FluentIterable() {...},0,18,0,0,0,2,0,2,0,2
Apache Commons Collections,org.apache.commons.collections4,CollectionUtils,44,1420,20,250,9,337,19,184,0,68
Apache Commons Collections,org.apache.commons.collections4,IterableUtils.new FluentIterable() {...},0,11,0,0,0,2,0,2,0,2
Apache Commons Collections,org.apache.commons.collections4,IterableUtils.new FluentIterable() {...},0,5,0,0,0,2,0,2,0,2
Apache Commons Collections,org.apache.commons.collections4,MultiMapUtils,29,77,4,16,8,22,8,14,4,8
Apache Commons Collections,org.apache.commons.collections4,TrieUtils,0,3,0,0,0,1,0,1,0,1
Apache Commons Collections,org.apache.commons.collections4,IterableUtils,58,526,3,59,7,120,7,68,4,40
Apache Commons Collections,org.apache.commons.collections4,ArrayStack,23,70,6,10,6,24,6,10,2,6
Apache Commons Collections,org.apache.commons.collections4,FactoryUtils,0,21,0,0,0,6,0,6,0,6
Apache Commons Collections,org.apache.commons.collections4,MapUtils,79,1014,10,178,21,285,23,145,15,59
Apache Commons Collections,org.apache.commons.collections4,CollectionUtils.EquatorWrapper,2,32,1,1,1,9,1,4,0,4
Apache Commons Collections,org.apache.commons.collections4,IterableUtils.new FluentIterable() {...},0,16,0,0,0,2,0,2,0,2
Apache Commons Collections,org.apache.commons.collections4,IterableUtils.new FluentIterable() {...},4,20,1,1,0,4,1,2,0,2
Apache Commons Collections,org.apache.commons.collections4,ListUtils,48,376,8,66,9,90,12,48,5,18
Apache Commons Collections,org.apache.commons.collections4,QueueUtils,0,22,0,0,0,6,0,6,0,6
Apache Commons Collections,org.apache.commons.collections4,ListUtils.Partition,34,48,2,2,3,11,3,3,1,3
Apache Commons Collections,org.apache.commons.collections4,MultiSetUtils,0,18,0,0,0,6,0,5,0,5
Apache Commons Collections,org.apache.commons.collections4,CollectionUtils.new Transformer() {...},0,13,0,0,0,2,0,2,0,2
Apache Commons Collections,org.apache.commons.collections4,CollectionUtils.new Transformer() {...},0,13,0,0,0,2,0,2,0,2
Apache Commons Collections,org.apache.commons.collections4,CollectionUtils.new Transformer() {...},0,13,0,0,0,2,0,2,0,2
Apache Commons Collections,org.apache.commons.collections4,ListUtils.CharSequenceAsList,0,16,0,0,0,5,0,3,0,3
Apache Commons Collections,org.apache.commons.collections4,MapUtils.new AbstractMapDecorator() {...},0,4,0,0,0,1,0,1,0,1
Apache Commons Collections,org.apache.commons.collections4,MapUtils.new AbstractSortedMapDecorator() {...},0,4,0,0,0,1,0,1,0,1
Apache Commons Collections,org.apache.commons.collections4,SplitMapUtils.WrappedGet,30,79,4,4,6,17,8,12,4,12
Apache Commons Collections,org.apache.commons.collections4,TransformerUtils,0,137,0,4,0,34,0,25,0,23
Apache Commons Collections,org.apache.commons.collections4,CollectionUtils.CardinalityHelper,0,51,0,2,0,12,0,7,0,6
Apache Commons Collections,org.apache.commons.collections4,SplitMapUtils.WrappedPut,3,82,3,3,1,20,3,15,0,15
Apache Commons Collections,org.apache.commons.collections4.multiset,AbstractMapMultiSet.MutableInteger,18,6,4,0,4,3,4,1,2,1
Apache Commons Collections,org.apache.commons.collections4.multiset,AbstractMapMultiSet.UniqueSetIterator,0,53,0,2,0,16,0,4,0,3
Apache Commons Collections,org.apache.commons.collections4.multiset,SynchronizedMultiSet.SynchronizedSet,0,5,0,0,0,2,0,1,0,1
Apache Commons Collections,org.apache.commons.collections4.multiset,AbstractMultiSet.EntrySet,61,10,10,0,16,4,8,2,3,2
Apache Commons Collections,org.apache.commons.collections4.multiset,AbstractMultiSetDecorator,29,29,0,4,7,6,6,7,6,5
Apache Commons Collections,org.apache.commons.collections4.multiset,AbstractMultiSet.AbstractEntry,45,19,12,0,9,2,8,2,2,2
Apache Commons Collections,org.apache.commons.collections4.multiset,HashMultiSet,0,30,0,0,0,12,0,4,0,4
Apache Commons Collections,org.apache.commons.collections4.multiset,SynchronizedMultiSet,36,97,0,2,7,19,3,10,3,9
Apache Commons Collections,org.apache.commons.collections4.multiset,AbstractMapMultiSet.MapBasedMultiSetIterator,4,112,1,13,1,26,1,10,0,4
Apache Commons Collections,org.apache.commons.collections4.multiset,AbstractMapMultiSet,14,425,5,43,3,101,5,40,0,21
Apache Commons Collections,org.apache.commons.collections4.multiset,AbstractMultiSet.UniqueSet,0,41,0,2,0,10,0,8,0,7
Apache Commons Collections,org.apache.commons.collections4.multiset,AbstractMapMultiSet.MultiSetEntry,0,16,0,0,0,5,0,3,0,3
Apache Commons Collections,org.apache.commons.collections4.multiset,AbstractMultiSet.MultiSetIterator,29,55,4,6,8,13,3,6,1,3
Apache Commons Collections,org.apache.commons.collections4.multiset,AbstractMultiSet.new Transformer() {...},0,9,0,0,0,2,0,2,0,2
Apache Commons Collections,org.apache.commons.collections4.multiset,PredicatedMultiSet,13,55,0,4,3,11,2,11,2,9
Apache Commons Collections,org.apache.commons.collections4.multiset,AbstractMapMultiSet.EntrySetIterator,18,34,2,0,6,10,2,3,1,3
Apache Commons Collections,org.apache.commons.collections4.multiset,AbstractMultiSet,179,131,27,19,44,33,24,21,9,13
Apache Commons Collections,org.apache.commons.collections4.multiset,UnmodifiableMultiSet,19,67,0,2,5,21,4,13,4,12
Apache Commons Collections,org.apache.commons.collections4.queue,SynchronizedQueue,5,97,0,2,2,20,1,11,1,10
Apache Commons Collections,org.apache.commons.collections4.queue,AbstractQueueDecorator,20,12,0,0,6,4,5,3,5,3
Apache Commons Collections,org.apache.commons.collections4.queue,TransformedQueue,0,78,1,3,0,16,1,10,0,9
Apache Commons Collections,org.apache.commons.collections4.queue,CircularFifoQueue.new Iterator() {...},0,192,0,18,0,32,0,13,0,4
Apache Commons Collections,org.apache.commons.collections4.queue,CircularFifoQueue,27,337,4,44,6,86,5,40,1,20
Apache Commons Collections,org.apache.commons.collections4.queue,PredicatedQueue,0,39,0,0,0,10,0,8,0,8
Apache Commons Collections,org.apache.commons.collections4.queue,UnmodifiableQueue,8,64,0,2,2,20,2,13,2,12
